<?xml version="1.0" encoding="UTF-8"?>
<!-- Generated by org.testng.reporters.JUnitReportReporter -->
<testsuite hostname="chinna" failures="0" tests="1" name="com.bonasri.TukarPointsVerificationInbonsTri" time="81.780" errors="0" timestamp="2022-02-21T15:27:09 IST" skipped="0">
  <testcase classname="com.bonasri.TukarPointsVerificationInbonsTri" name="TukarPointsVerificationInbonsTri" time="81.780"/>
  <system-out>
    <![CDATA[Super: 41 hari]]>
  </system-out>
</testsuite> <!-- com.bonasri.TukarPointsVerificationInbonsTri -->
