<?xml version="1.0" encoding="UTF-8"?>
<!-- Generated by org.testng.reporters.JUnitReportReporter -->
<testsuite hostname="chinna" failures="0" tests="1" name="com.bonasri.TukarPointsVoucherRedemptionInbonsTri" time="149.849" errors="0" timestamp="2022-02-21T15:27:09 IST" skipped="0">
  <testcase classname="com.bonasri.TukarPointsVoucherRedemptionInbonsTri" name="TukarPointsRedemptionThroughbonsTri" time="149.849"/>
  <system-out/>
</testsuite> <!-- com.bonasri.TukarPointsVoucherRedemptionInbonsTri -->
