<?xml version="1.0" encoding="UTF-8"?>
<!-- Generated by org.testng.reporters.JUnitReportReporter -->
<testsuite hostname="chinna" failures="0" tests="1" name="com.bonasri.bonasri" time="153.400" errors="0" timestamp="2022-02-08T13:16:03 IST" skipped="0">
  <testcase classname="com.bonasri.bonasri" name="TestBonasriVocher" time="153.400"/>
  <system-out/>
</testsuite> <!-- com.bonasri.bonasri -->
