<?xml version="1.0" encoding="UTF-8"?>
<!-- Generated by org.testng.reporters.JUnitReportReporter -->
<testsuite hostname="chinna" failures="0" tests="1" name="com.bonasri.bonasri" time="121.326" errors="0" timestamp="2022-02-08T01:21:15 IST" skipped="0">
  <testcase classname="com.bonasri.bonasri" name="TestBonasriVocher" time="121.326"/>
  <system-out/>
</testsuite> <!-- com.bonasri.bonasri -->
